<?xml version="1.0" encoding="UTF-8"?>
<testng-results ignored="1" total="2" passed="1" failed="0" skipped="0">
  <reporter-output>
  </reporter-output>
  <suite started-at="2022-01-13T15:22:33 WAT" name="Default suite" finished-at="2022-01-13T15:23:32 WAT" duration-ms="59175">
    <groups>
    </groups>
    <test started-at="2022-01-13T15:22:33 WAT" name="Default test" finished-at="2022-01-13T15:23:32 WAT" duration-ms="59175">
      <class name="MultipleTransferTestNG">
        <test-method is-config="true" signature="SetUpTest()[pri:0, instance:MultipleTransferTestNG@7ce026d3]" started-at="2022-01-13T15:22:33 WAT" name="SetUpTest" finished-at="2022-01-13T15:22:54 WAT" duration-ms="20962" status="PASS">
          <reporter-output>
          </reporter-output>
        </test-method> <!-- SetUpTest -->
        <test-method is-config="true" signature="beforeMethod()[pri:0, instance:MultipleTransferTestNG@7ce026d3]" started-at="2022-01-13T15:22:54 WAT" name="beforeMethod" finished-at="2022-01-13T15:22:54 WAT" duration-ms="1" status="PASS">
          <reporter-output>
          </reporter-output>
        </test-method> <!-- beforeMethod -->
        <test-method signature="MultipleTransfer()[pri:0, instance:MultipleTransferTestNG@7ce026d3]" started-at="2022-01-13T15:22:54 WAT" name="MultipleTransfer" finished-at="2022-01-13T15:23:32 WAT" duration-ms="38096" status="PASS">
          <reporter-output>
          </reporter-output>
        </test-method> <!-- MultipleTransfer -->
        <test-method is-config="true" signature="tearDown()[pri:0, instance:MultipleTransferTestNG@7ce026d3]" started-at="2022-01-13T15:23:32 WAT" name="tearDown" finished-at="2022-01-13T15:23:32 WAT" duration-ms="90" status="PASS">
          <reporter-output>
          </reporter-output>
        </test-method> <!-- tearDown -->
      </class> <!-- MultipleTransferTestNG -->
    </test> <!-- Default test -->
  </suite> <!-- Default suite -->
</testng-results>
